01/11/22 22:17:20, =====================================
01/11/22 22:17:20, System/Build Info: 
01/11/22 22:17:20, YAFU Version 2.07
01/11/22 22:17:20, Built with GCC 9
01/11/22 22:17:20, Using GMP-ECM 7.0.5-dev, Powered by GMP 6.2.1
01/11/22 22:17:20, detected Intel Xeon Processor (Cascadelake)
detected L1 = 32768 bytes, L2 = 16777216 bytes, CL = 64 bytes
01/11/22 22:17:20, using 1 random witness for Rabin-Miller PRP checks
01/11/22 22:17:20, Cached 664579 primes: max prime is 9999991

01/11/22 22:17:20, Random seed: 17372657678477452430
01/11/22 22:25:17, =====================================
01/11/22 22:25:17, System/Build Info: 
01/11/22 22:25:17, YAFU Version 2.07
01/11/22 22:25:17, Built with GCC 9
01/11/22 22:25:17, Using GMP-ECM 7.0.5-dev, Powered by GMP 6.2.1
01/11/22 22:25:17, detected Intel Xeon Processor (Cascadelake)
detected L1 = 32768 bytes, L2 = 16777216 bytes, CL = 64 bytes
01/11/22 22:25:17, using 1 random witness for Rabin-Miller PRP checks
01/11/22 22:25:17, Cached 664579 primes: max prime is 9999991

01/11/22 22:25:17, Random seed: 14069056675023856505
